<?xml version="1.0" encoding="UTF-8"?>
<!-- Generated by org.testng.reporters.JUnitReportReporter -->
<testsuite skipped="0" hostname="3DR-000051" name="automationFramework.AssertsAndDataPs" tests="2" failures="0" timestamp="25 Jun 2018 22:27:10 GMT" time="11.824" errors="0">
  <testcase name="f" time="6.299" classname="automationFramework.AssertsAndDataPs"/>
  <testcase name="f" time="5.525" classname="automationFramework.AssertsAndDataPs"/>
</testsuite> <!-- automationFramework.AssertsAndDataPs -->
