<?xml version="1.0" encoding="UTF-8"?>
<!-- Generated by org.testng.reporters.JUnitReportReporter -->
<testsuite skipped="0" hostname="3DR-000051" name="automationFramework.Asserts" tests="1" failures="0" timestamp="22 Jun 2018 21:25:44 GMT" time="6.932" errors="0">
  <testcase name="f" time="6.932" classname="automationFramework.Asserts"/>
</testsuite> <!-- automationFramework.Asserts -->
