<?xml version="1.0" encoding="UTF-8"?>
<!-- Generated by org.testng.reporters.JUnitReportReporter -->
<testsuite skipped="0" hostname="3DR-000051" name="automationFramework.AssertsAndDataPs" tests="2" failures="0" timestamp="26 Jun 2018 22:39:54 GMT" time="12.706" errors="0">
  <testcase name="f" time="7.217" classname="automationFramework.AssertsAndDataPs"/>
  <testcase name="f" time="5.489" classname="automationFramework.AssertsAndDataPs"/>
</testsuite> <!-- automationFramework.AssertsAndDataPs -->
