<?xml version="1.0" encoding="UTF-8"?>
<!-- Generated by org.testng.reporters.JUnitReportReporter -->
<testsuite skipped="0" hostname="3DR-000051" name="automationFramework.TestNG2" tests="1" failures="0" timestamp="20 Jun 2018 15:52:02 GMT" time="10.197" errors="0">
  <testcase name="f" time="10.197" classname="automationFramework.TestNG2"/>
</testsuite> <!-- automationFramework.TestNG2 -->
