<?xml version="1.0" encoding="UTF-8"?>
<!-- Generated by org.testng.reporters.JUnitReportReporter -->
<testsuite skipped="0" hostname="3DR-000051" name="tests.LoginTest" tests="2" failures="0" timestamp="26 Jun 2018 22:50:20 GMT" time="13.361" errors="0">
  <testcase name="invalidLoginTest_InvalidUserNameInvalidPassword" time="9.274" classname="tests.LoginTest"/>
  <testcase name="invalidLoginTest_EmptyUserEmptyPassword" time="4.087" classname="tests.LoginTest"/>
</testsuite> <!-- tests.LoginTest -->
