<?xml version="1.0" encoding="UTF-8"?>
<!-- Generated by org.testng.reporters.JUnitReportReporter -->
<testsuite skipped="0" hostname="3DR-000051" name="automationFramework.Asserts" tests="1" failures="0" timestamp="25 Jun 2018 21:18:12 GMT" time="7.226" errors="0">
  <testcase name="f" time="7.226" classname="automationFramework.Asserts"/>
</testsuite> <!-- automationFramework.Asserts -->
